2023-11-28 11:49:06,918 INFO c.s.h.m.Zoo [main] The capacity of the zoo is of 50 customers
2023-11-28 11:49:06,921 INFO c.s.h.m.Employee [main] I can walk down the streets from the Zoo and also enter to only-employees rooms.
2023-11-28 11:49:06,921 INFO c.s.h.m.Employee [main] I can walk down the streets from the Zoo and also enter to only-employees rooms.
2023-11-28 11:49:06,921 INFO c.s.h.m.Employee [main] I can walk down the streets from the Zoo and also enter to only-employees rooms.
2023-11-28 11:49:06,922 INFO c.s.h.m.Customer [main] I can walk down the streets from the Zoo!
2023-11-28 11:49:06,922 INFO c.s.h.m.Customer [main] I can walk down the streets from the Zoo!
2023-11-28 11:49:06,923 INFO c.s.h.m.Person [main] I sleep in a bed, during the night!
2023-11-28 11:49:06,923 INFO c.s.h.m.Person [main] I sleep in a bed, during the night!
2023-11-28 11:49:06,923 INFO c.s.h.m.Bird [main] I like sleeping in branches from trees!
2023-11-28 11:49:06,923 INFO c.s.h.m.Bird [main] I like sleeping in branches from trees!
2023-11-28 11:49:06,923 INFO c.s.h.m.Person [main] I sleep in a bed, during the night!
2023-11-28 11:49:06,924 INFO c.s.h.Main [main] There are 4 Animals
2023-11-28 11:49:06,926 INFO c.s.h.Main [main] Insert two integer numbers
2023-11-28 11:49:06,926 INFO c.s.h.Main [main] The result of the sum is 12
2023-11-28 11:49:06,926 ERROR c.s.h.Main [main] Age cannot be negative
com.solvd.homework9.exceptions.NegativeValueException: Age cannot be negative
	at com.solvd.homework9.models.Person.setAge(Person.java:49) ~[classes/:?]
	at com.solvd.homework9.Main.main(Main.java:120) [classes/:?]
2023-11-28 11:49:06,934 INFO c.s.h.Main [main] Current age of Louis is 40
2023-11-28 11:49:06,951 INFO c.s.h.Main [main] There are 50 unique words.
2023-11-28 11:49:06,953 INFO c.s.h.Main [main] The employees over 25 years old are: 
2023-11-28 11:49:06,954 INFO c.s.h.Main [main] Alvaro Rodriguez
2023-11-28 11:49:06,954 INFO c.s.h.Main [main] Karen Lopez
2023-11-28 11:49:06,955 INFO c.s.h.Main [main] The person's ages are: 
2023-11-28 11:49:06,955 INFO c.s.h.Main [main] 24
2023-11-28 11:49:06,956 INFO c.s.h.Main [main] 32
2023-11-28 11:49:06,956 INFO c.s.h.Main [main] 29
2023-11-28 11:49:06,956 INFO c.s.h.Main [main] 40
2023-11-28 11:49:06,956 INFO c.s.h.Main [main] 18
2023-11-28 11:49:06,957 INFO c.s.h.Main [main] The created zoo is called International Zoo
2023-11-28 11:49:06,957 INFO c.s.h.Main [main] The ages of the persons squared are: 
2023-11-28 11:49:06,958 INFO c.s.h.Main [main] 576
2023-11-28 11:49:06,958 INFO c.s.h.Main [main] 1024
2023-11-28 11:49:06,958 INFO c.s.h.Main [main] 841
2023-11-28 11:49:06,958 INFO c.s.h.Main [main] 1600
2023-11-28 11:49:06,958 INFO c.s.h.Main [main] 324
2023-11-28 11:49:06,965 INFO c.s.h.Main [main] This is concatenation
