2023-11-28 08:31:01,409 INFO m.Zoo [main] The capacity of the zoo is of 50 customers
2023-11-28 08:31:01,414 INFO m.Employee [main] I can walk down the streets from the Zoo and also enter to only-employees rooms.
2023-11-28 08:31:01,415 INFO m.Employee [main] I can walk down the streets from the Zoo and also enter to only-employees rooms.
2023-11-28 08:31:01,415 INFO m.Employee [main] I can walk down the streets from the Zoo and also enter to only-employees rooms.
2023-11-28 08:31:01,415 INFO m.Customer [main] I can walk down the streets from the Zoo!
2023-11-28 08:31:01,415 INFO m.Customer [main] I can walk down the streets from the Zoo!
2023-11-28 08:31:01,416 INFO m.Person [main] I sleep in a bed, during the night!
2023-11-28 08:31:01,416 INFO m.Person [main] I sleep in a bed, during the night!
2023-11-28 08:31:01,416 INFO m.Bird [main] I like sleeping in branches from trees!
2023-11-28 08:31:01,416 INFO m.Bird [main] I like sleeping in branches from trees!
2023-11-28 08:31:01,416 INFO m.Person [main] I sleep in a bed, during the night!
2023-11-28 08:31:01,417 INFO com.solvd.homework9.Main [main] There are 4 Animals
2023-11-28 08:31:01,419 INFO com.solvd.homework9.Main [main] Insert two integer numbers
2023-11-28 08:31:01,419 INFO com.solvd.homework9.Main [main] The result of the sum is 12
2023-11-28 08:31:01,423 ERROR com.solvd.homework9.Main [main] Age cannot be negative
com.solvd.homework9.exceptions.NegativeValueException: Age cannot be negative
	at com.solvd.homework9.models.Person.setAge(Person.java:49) ~[classes/:?]
	at com.solvd.homework9.Main.main(com.solvd.homework9.Main.java:116) [classes/:?]
2023-11-28 08:31:01,431 INFO com.solvd.homework9.Main [main] Current age of Louis is 40
2023-11-28 08:31:01,454 INFO com.solvd.homework9.Main [main] There are 50 unique words.
